<?xml version="1.0" encoding="UTF-8"?>
<!-- Generated by org.testng.reporters.JUnitReportReporter -->
<testsuite skipped="0" hostname="AJ003051" name="runners.TestRunner" tests="1" failures="0" timestamp="05 Sep 2020 21:51:34 GMT" time="10.447" errors="0">
  <testcase name="runScenario" time="10.447" classname="runners.TestRunner"/>
</testsuite> <!-- runners.TestRunner -->
