<?xml version="1.0" encoding="UTF-8"?>
<!-- Generated by org.testng.reporters.JUnitReportReporter -->
<testsuite skipped="0" hostname="AJ003051" name="runners.CucumberTest" tests="1" failures="0" timestamp="05 Sep 2020 05:23:21 GMT" time="9.757" errors="0">
  <testcase name="runScenario" time="9.757" classname="runners.CucumberTest"/>
</testsuite> <!-- runners.CucumberTest -->
